Started GET "/" for ::1 at 2023-02-20 14:44:27 -0500

ActiveRecord::NoDatabaseError - We could not find your database: ninety_nine_cats1_long_practice_development. Which can be found in the database configuration file located at config/database.yml.
To resolve this issue:
- Did you create the database for this app, or delete it? You may need to create your database.
- Has the database name changed? Check your database.yml config has the correct database name.
To create your database, run:
        bin/rails db:create:

Started POST "/__better_errors/f1c43b3aea54660f/variables" for ::1 at 2023-02-20 14:44:27 -0500
  [1m[35m (113.7ms)[0m  [1m[35mCREATE DATABASE "ninety_nine_cats1_long_practice_development" ENCODING = 'unicode'[0m
  [1m[35m (88.8ms)[0m  [1m[35mCREATE DATABASE "ninety_nine_cats1_long_practice_test" ENCODING = 'unicode'[0m
Started GET "/" for ::1 at 2023-02-20 14:44:55 -0500
  [1m[35m (8.2ms)[0m  [1m[35mCREATE TABLE "schema_migrations" ("version" character varying NOT NULL PRIMARY KEY)[0m
  [1m[35m (2.3ms)[0m  [1m[35mCREATE TABLE "ar_internal_metadata" ("key" character varying NOT NULL PRIMARY KEY, "value" character varying, "created_at" timestamp(6) NOT NULL, "updated_at" timestamp(6) NOT NULL)[0m
  [1m[36mActiveRecord::SchemaMigration Pluck (1.0ms)[0m  [1m[34mSELECT "schema_migrations"."version" FROM "schema_migrations" ORDER BY "schema_migrations"."version" ASC[0m

ActiveRecord::PendingMigrationError - Migrations are pending. To resolve this issue, run:
        bin/rails db:migrate RAILS_ENV=development
You have 2 pending migrations:
20220301202033_create_cats.rb
20220302053135_create_cat_rental_requests.rb:

Started POST "/__better_errors/286867bf2c97ecf4/variables" for ::1 at 2023-02-20 14:44:55 -0500
  [1m[35m (0.1ms)[0m  [1m[34mSELECT pg_try_advisory_lock(5972590620340344525)[0m
  [1m[36mActiveRecord::SchemaMigration Pluck (0.8ms)[0m  [1m[34mSELECT "schema_migrations"."version" FROM "schema_migrations" ORDER BY "schema_migrations"."version" ASC[0m
Migrating to CreateCats (20220301202033)
  [1m[36mTRANSACTION (0.1ms)[0m  [1m[35mBEGIN[0m
  [1m[35m (8.4ms)[0m  [1m[35mCREATE TABLE "cats" ("id" bigserial primary key, "birth_date" date NOT NULL, "color" character varying NOT NULL, "name" character varying NOT NULL, "sex" character varying(1) NOT NULL, "description" text, "created_at" timestamp(6) NOT NULL, "updated_at" timestamp(6) NOT NULL)[0m
  [1m[36mActiveRecord::SchemaMigration Create (1.3ms)[0m  [1m[32mINSERT INTO "schema_migrations" ("version") VALUES ($1) RETURNING "version"[0m  [["version", "20220301202033"]]
  [1m[36mTRANSACTION (0.4ms)[0m  [1m[35mCOMMIT[0m
Migrating to CreateCatRentalRequests (20220302053135)
  [1m[36mTRANSACTION (0.2ms)[0m  [1m[35mBEGIN[0m
  [1m[35m (8.0ms)[0m  [1m[35mCREATE TABLE "cat_rental_requests" ("id" bigserial primary key, "cat_id" bigint NOT NULL, "start_date" date NOT NULL, "end_date" date NOT NULL, "status" character varying DEFAULT 'PENDING' NOT NULL, "created_at" timestamp(6) NOT NULL, "updated_at" timestamp(6) NOT NULL, CONSTRAINT "fk_rails_9c8580551f"
FOREIGN KEY ("cat_id")
  REFERENCES "cats" ("id")
)[0m
  [1m[35m (1.4ms)[0m  [1m[35mCREATE INDEX "index_cat_rental_requests_on_cat_id" ON "cat_rental_requests" ("cat_id")[0m
  [1m[36mActiveRecord::SchemaMigration Create (0.6ms)[0m  [1m[32mINSERT INTO "schema_migrations" ("version") VALUES ($1) RETURNING "version"[0m  [["version", "20220302053135"]]
  [1m[36mTRANSACTION (0.6ms)[0m  [1m[35mCOMMIT[0m
  [1m[36mActiveRecord::InternalMetadata Load (0.8ms)[0m  [1m[34mSELECT "ar_internal_metadata".* FROM "ar_internal_metadata" WHERE "ar_internal_metadata"."key" = $1 LIMIT $2[0m  [["key", "environment"], ["LIMIT", 1]]
  [1m[36mTRANSACTION (0.1ms)[0m  [1m[35mBEGIN[0m
  [1m[36mActiveRecord::InternalMetadata Create (0.7ms)[0m  [1m[32mINSERT INTO "ar_internal_metadata" ("key", "value", "created_at", "updated_at") VALUES ($1, $2, $3, $4) RETURNING "key"[0m  [["key", "environment"], ["value", "development"], ["created_at", "2023-02-20 19:45:10.140717"], ["updated_at", "2023-02-20 19:45:10.140717"]]
  [1m[36mTRANSACTION (0.2ms)[0m  [1m[35mCOMMIT[0m
  [1m[35m (0.2ms)[0m  [1m[34mSELECT pg_advisory_unlock(5972590620340344525)[0m
  [1m[36mActiveRecord::SchemaMigration Pluck (0.5ms)[0m  [1m[34mSELECT "schema_migrations"."version" FROM "schema_migrations" ORDER BY "schema_migrations"."version" ASC[0m
Started GET "/" for ::1 at 2023-02-20 14:45:26 -0500
  [1m[36mActiveRecord::SchemaMigration Pluck (0.8ms)[0m  [1m[34mSELECT "schema_migrations"."version" FROM "schema_migrations" ORDER BY "schema_migrations"."version" ASC[0m

ActionController::RoutingError - uninitialized constant CatsController
      Object.const_get(camel_cased_word)
            ^^^^^^^^^^
            raise MissingController.new(error.message, error.name)
            ^^^^^:

Started POST "/__better_errors/faab39a9ecc9c92c/variables" for ::1 at 2023-02-20 14:45:26 -0500
Started GET "/" for ::1 at 2023-02-20 14:47:55 -0500
  [1m[36mActiveRecord::SchemaMigration Pluck (0.6ms)[0m  [1m[34mSELECT "schema_migrations"."version" FROM "schema_migrations" ORDER BY "schema_migrations"."version" ASC[0m
Processing by CatsController#index as HTML
  Rendering layout layouts/application.html.erb
  Rendering cats/index.html.erb within layouts/application
  [1m[36mCat Load (1.4ms)[0m  [1m[34mSELECT "cats".* FROM "cats"[0m
  ↳ app/views/cats/index.html.erb:28
  Rendered cats/index.html.erb within layouts/application (Duration: 3.4ms | Allocations: 1512)
  Rendered layout layouts/application.html.erb (Duration: 20.2ms | Allocations: 9681)
Completed 200 OK in 29ms (Views: 23.8ms | ActiveRecord: 1.4ms | Allocations: 14064)


Started GET "/cats/new" for ::1 at 2023-02-20 14:48:02 -0500
Processing by CatsController#new as HTML
  Rendering layout layouts/application.html.erb
  Rendering cats/new.html.erb within layouts/application
  Rendered shared/_errors.html.erb (Duration: 0.9ms | Allocations: 483)
  Rendered cats/_form.html.erb (Duration: 0.7ms | Allocations: 530)
  Rendered cats/new.html.erb within layouts/application (Duration: 3.2ms | Allocations: 1448)
  Rendered layout layouts/application.html.erb (Duration: 5.3ms | Allocations: 2578)
Completed 200 OK in 44ms (Views: 6.2ms | ActiveRecord: 8.4ms | Allocations: 7505)


Started POST "/cats" for ::1 at 2023-02-20 14:48:29 -0500
Processing by CatsController#create as HTML
  Parameters: {"cat"=>{"name"=>"fig newton", "birth_date"=>"2023-02-01", "color"=>"black", "sex"=>"M", "description"=>"super figgy"}}
  [1m[36mTRANSACTION (0.2ms)[0m  [1m[35mBEGIN[0m
  ↳ app/controllers/cats_controller.rb:19:in `create'
  [1m[36mCat Create (3.8ms)[0m  [1m[32mINSERT INTO "cats" ("birth_date", "color", "name", "sex", "description", "created_at", "updated_at") VALUES ($1, $2, $3, $4, $5, $6, $7) RETURNING "id"[0m  [["birth_date", "2023-02-01"], ["color", "black"], ["name", "fig newton"], ["sex", "M"], ["description", "super figgy"], ["created_at", "2023-02-20 19:48:29.096749"], ["updated_at", "2023-02-20 19:48:29.096749"]]
  ↳ app/controllers/cats_controller.rb:19:in `create'
  [1m[36mTRANSACTION (0.9ms)[0m  [1m[35mCOMMIT[0m
  ↳ app/controllers/cats_controller.rb:19:in `create'
Redirected to http://localhost:3000/cats/1
Completed 302 Found in 13ms (ActiveRecord: 4.9ms | Allocations: 4091)


Started GET "/cats/1" for ::1 at 2023-02-20 14:48:29 -0500
Processing by CatsController#show as HTML
  Parameters: {"id"=>"1"}
  [1m[36mCat Load (0.3ms)[0m  [1m[34mSELECT "cats".* FROM "cats" WHERE "cats"."id" = $1 LIMIT $2[0m  [["id", 1], ["LIMIT", 1]]
  ↳ app/controllers/cats_controller.rb:8:in `show'
  Rendering layout layouts/application.html.erb
  Rendering cats/show.html.erb within layouts/application
  [1m[36mCatRentalRequest Exists? (0.8ms)[0m  [1m[34mSELECT 1 AS one FROM "cat_rental_requests" WHERE "cat_rental_requests"."cat_id" = $1 LIMIT $2[0m  [["cat_id", 1], ["LIMIT", 1]]
  ↳ app/views/cats/show.html.erb:30
  Rendered cats/show.html.erb within layouts/application (Duration: 18.4ms | Allocations: 9443)
  Rendered layout layouts/application.html.erb (Duration: 20.2ms | Allocations: 10803)
Completed 200 OK in 26ms (Views: 18.2ms | ActiveRecord: 3.0ms | Allocations: 14530)


Started GET "/cats/1/cat_rental_requests/new" for ::1 at 2023-02-20 14:48:38 -0500
Processing by CatRentalRequestsController#new as HTML
  Parameters: {"cat_id"=>"1"}
  Rendering layout layouts/application.html.erb
  Rendering cat_rental_requests/new.html.erb within layouts/application
  Rendered shared/_errors.html.erb (Duration: 0.3ms | Allocations: 275)
  [1m[36mCat Load (0.4ms)[0m  [1m[34mSELECT "cats".* FROM "cats"[0m
  ↳ app/views/cat_rental_requests/new.html.erb:12
  Rendered cat_rental_requests/new.html.erb within layouts/application (Duration: 8.0ms | Allocations: 1449)
  Rendered layout layouts/application.html.erb (Duration: 9.7ms | Allocations: 2643)
Completed 200 OK in 69ms (Views: 17.5ms | ActiveRecord: 2.5ms | Allocations: 5721)


Started POST "/cat_rental_requests" for ::1 at 2023-02-20 14:48:45 -0500
Processing by CatRentalRequestsController#create as HTML
  Parameters: {"cat_rental_request"=>{"cat_id"=>"1", "start_date"=>"2023-02-20", "end_date"=>"2023-02-23"}}
  [1m[36mTRANSACTION (0.2ms)[0m  [1m[35mBEGIN[0m
  ↳ app/models/cat_rental_request.rb:147:in `does_not_overlap_approved_request'
  [1m[36mCatRentalRequest Exists? (1.3ms)[0m  [1m[34mSELECT 1 AS one FROM "cat_rental_requests" WHERE "cat_rental_requests"."id" IS NOT NULL AND "cat_rental_requests"."cat_id" = $1 AND NOT (start_date > '2023-02-23' OR end_date < '2023-02-20') AND (status = 'APPROVED') LIMIT $2[0m  [["cat_id", 1], ["LIMIT", 1]]
  ↳ app/models/cat_rental_request.rb:147:in `does_not_overlap_approved_request'
  [1m[36mCat Load (0.5ms)[0m  [1m[34mSELECT "cats".* FROM "cats" WHERE "cats"."id" = $1 LIMIT $2[0m  [["id", 1], ["LIMIT", 1]]
  ↳ app/controllers/cat_rental_requests_controller.rb:9:in `create'
  [1m[36mCatRentalRequest Create (2.3ms)[0m  [1m[32mINSERT INTO "cat_rental_requests" ("cat_id", "start_date", "end_date", "status", "created_at", "updated_at") VALUES ($1, $2, $3, $4, $5, $6) RETURNING "id"[0m  [["cat_id", 1], ["start_date", "2023-02-20"], ["end_date", "2023-02-23"], ["status", "PENDING"], ["created_at", "2023-02-20 19:48:45.571771"], ["updated_at", "2023-02-20 19:48:45.571771"]]
  ↳ app/controllers/cat_rental_requests_controller.rb:9:in `create'
  [1m[36mTRANSACTION (0.3ms)[0m  [1m[35mCOMMIT[0m
  ↳ app/controllers/cat_rental_requests_controller.rb:9:in `create'
Redirected to http://localhost:3000/cats/1
Completed 302 Found in 26ms (ActiveRecord: 4.6ms | Allocations: 7636)


Started GET "/cats/1" for ::1 at 2023-02-20 14:48:45 -0500
Processing by CatsController#show as HTML
  Parameters: {"id"=>"1"}
  [1m[36mCat Load (0.3ms)[0m  [1m[34mSELECT "cats".* FROM "cats" WHERE "cats"."id" = $1 LIMIT $2[0m  [["id", 1], ["LIMIT", 1]]
  ↳ app/controllers/cats_controller.rb:8:in `show'
  Rendering layout layouts/application.html.erb
  Rendering cats/show.html.erb within layouts/application
  [1m[36mCatRentalRequest Exists? (0.3ms)[0m  [1m[34mSELECT 1 AS one FROM "cat_rental_requests" WHERE "cat_rental_requests"."cat_id" = $1 LIMIT $2[0m  [["cat_id", 1], ["LIMIT", 1]]
  ↳ app/views/cats/show.html.erb:30
  [1m[36mCatRentalRequest Load (0.4ms)[0m  [1m[34mSELECT "cat_rental_requests".* FROM "cat_rental_requests" WHERE "cat_rental_requests"."cat_id" = $1 ORDER BY start_date[0m  [["cat_id", 1]]
  ↳ app/views/cats/show.html.erb:39
  Rendered cats/_req_tr.html.erb (Duration: 1.8ms | Allocations: 341)
  Rendered cats/show.html.erb within layouts/application (Duration: 6.4ms | Allocations: 2135)
  Rendered layout layouts/application.html.erb (Duration: 9.6ms | Allocations: 3451)
Completed 200 OK in 12ms (Views: 9.4ms | ActiveRecord: 1.0ms | Allocations: 4223)


Started POST "/cat_rental_requests/1/approve" for ::1 at 2023-02-20 14:48:49 -0500
Processing by CatRentalRequestsController#approve as HTML
  Parameters: {"id"=>"1"}
  [1m[36mCatRentalRequest Load (0.4ms)[0m  [1m[34mSELECT "cat_rental_requests".* FROM "cat_rental_requests" WHERE "cat_rental_requests"."id" = $1 LIMIT $2[0m  [["id", 1], ["LIMIT", 1]]
  ↳ app/controllers/cat_rental_requests_controller.rb:33:in `current_cat_rental_request'
  [1m[36mCat Load (0.5ms)[0m  [1m[34mSELECT "cats".* FROM "cats" WHERE "cats"."id" = $1[0m  [["id", 1]]
  ↳ app/controllers/cat_rental_requests_controller.rb:33:in `current_cat_rental_request'
  [1m[36mTRANSACTION (0.2ms)[0m  [1m[35mBEGIN[0m
  ↳ app/models/cat_rental_request.rb:147:in `does_not_overlap_approved_request'
  [1m[36mCatRentalRequest Exists? (0.5ms)[0m  [1m[34mSELECT 1 AS one FROM "cat_rental_requests" WHERE "cat_rental_requests"."id" != $1 AND "cat_rental_requests"."cat_id" = $2 AND NOT (start_date > '2023-02-23' OR end_date < '2023-02-20') AND (status = 'APPROVED') LIMIT $3[0m  [["id", 1], ["cat_id", 1], ["LIMIT", 1]]
  ↳ app/models/cat_rental_request.rb:147:in `does_not_overlap_approved_request'
  [1m[36mCatRentalRequest Update (0.6ms)[0m  [1m[33mUPDATE "cat_rental_requests" SET "status" = $1, "updated_at" = $2 WHERE "cat_rental_requests"."id" = $3[0m  [["status", "APPROVED"], ["updated_at", "2023-02-20 19:48:49.778565"], ["id", 1]]
  ↳ app/models/cat_rental_request.rb:33:in `block in approve!'
  [1m[36mCatRentalRequest Load (0.2ms)[0m  [1m[34mSELECT "cat_rental_requests".* FROM "cat_rental_requests" WHERE "cat_rental_requests"."id" != $1 AND "cat_rental_requests"."cat_id" = $2 AND NOT (start_date > '2023-02-23' OR end_date < '2023-02-20') AND (status = 'PENDING')[0m  [["id", 1], ["cat_id", 1]]
  ↳ app/models/cat_rental_request.rb:37:in `block in approve!'
  [1m[36mTRANSACTION (0.7ms)[0m  [1m[35mCOMMIT[0m
  ↳ app/models/cat_rental_request.rb:31:in `approve!'
Redirected to http://localhost:3000/cats/1
Completed 302 Found in 29ms (ActiveRecord: 3.2ms | Allocations: 7070)


Started GET "/cats/1" for ::1 at 2023-02-20 14:48:49 -0500
Processing by CatsController#show as HTML
  Parameters: {"id"=>"1"}
  [1m[36mCat Load (0.3ms)[0m  [1m[34mSELECT "cats".* FROM "cats" WHERE "cats"."id" = $1 LIMIT $2[0m  [["id", 1], ["LIMIT", 1]]
  ↳ app/controllers/cats_controller.rb:8:in `show'
  Rendering layout layouts/application.html.erb
  Rendering cats/show.html.erb within layouts/application
  [1m[36mCatRentalRequest Exists? (0.4ms)[0m  [1m[34mSELECT 1 AS one FROM "cat_rental_requests" WHERE "cat_rental_requests"."cat_id" = $1 LIMIT $2[0m  [["cat_id", 1], ["LIMIT", 1]]
  ↳ app/views/cats/show.html.erb:30
  [1m[36mCatRentalRequest Load (0.3ms)[0m  [1m[34mSELECT "cat_rental_requests".* FROM "cat_rental_requests" WHERE "cat_rental_requests"."cat_id" = $1 ORDER BY start_date[0m  [["cat_id", 1]]
  ↳ app/views/cats/show.html.erb:39
  Rendered cats/_req_tr.html.erb (Duration: 0.1ms | Allocations: 40)
  Rendered cats/show.html.erb within layouts/application (Duration: 3.5ms | Allocations: 1686)
  Rendered layout layouts/application.html.erb (Duration: 5.6ms | Allocations: 3023)
Completed 200 OK in 8ms (Views: 5.3ms | ActiveRecord: 0.9ms | Allocations: 3799)


  [1m[36mActiveRecord::SchemaMigration Pluck (0.8ms)[0m  [1m[34mSELECT "schema_migrations"."version" FROM "schema_migrations" ORDER BY "schema_migrations"."version" ASC[0m
  [1m[35m (0.1ms)[0m  [1m[34mSELECT pg_try_advisory_lock(5972590620340344525)[0m
  [1m[36mActiveRecord::SchemaMigration Pluck (0.6ms)[0m  [1m[34mSELECT "schema_migrations"."version" FROM "schema_migrations" ORDER BY "schema_migrations"."version" ASC[0m
Migrating to CreateUsers (20230220195510)
  [1m[36mTRANSACTION (0.1ms)[0m  [1m[35mBEGIN[0m
  [1m[35m (7.2ms)[0m  [1m[35mCREATE TABLE "users" ("id" bigserial primary key, "username" character varying NOT NULL, "password_digest" character varying NOT NULL, "session_token" character varying NOT NULL, "created_at" timestamp(6) NOT NULL, "updated_at" timestamp(6) NOT NULL)[0m
  [1m[35m (0.7ms)[0m  [1m[35mCREATE INDEX "index_users_on_username" ON "users" ("username")[0m
  [1m[35m (0.7ms)[0m  [1m[35mCREATE INDEX "index_users_on_password_digest" ON "users" ("password_digest")[0m
  [1m[36mActiveRecord::SchemaMigration Create (0.6ms)[0m  [1m[32mINSERT INTO "schema_migrations" ("version") VALUES ($1) RETURNING "version"[0m  [["version", "20230220195510"]]
  [1m[36mTRANSACTION (0.9ms)[0m  [1m[35mCOMMIT[0m
  [1m[36mActiveRecord::InternalMetadata Load (0.4ms)[0m  [1m[34mSELECT "ar_internal_metadata".* FROM "ar_internal_metadata" WHERE "ar_internal_metadata"."key" = $1 LIMIT $2[0m  [["key", "environment"], ["LIMIT", 1]]
  [1m[35m (0.4ms)[0m  [1m[34mSELECT pg_advisory_unlock(5972590620340344525)[0m
  [1m[36mActiveRecord::SchemaMigration Pluck (0.4ms)[0m  [1m[34mSELECT "schema_migrations"."version" FROM "schema_migrations" ORDER BY "schema_migrations"."version" ASC[0m
  [1m[36mActiveRecord::SchemaMigration Pluck (0.8ms)[0m  [1m[34mSELECT "schema_migrations"."version" FROM "schema_migrations" ORDER BY "schema_migrations"."version" ASC[0m
  [1m[35m (0.1ms)[0m  [1m[34mSELECT pg_try_advisory_lock(5972590620340344525)[0m
  [1m[36mActiveRecord::SchemaMigration Pluck (0.6ms)[0m  [1m[34mSELECT "schema_migrations"."version" FROM "schema_migrations" ORDER BY "schema_migrations"."version" ASC[0m
Migrating to ChangeUsers (20230220195904)
  [1m[36mTRANSACTION (0.1ms)[0m  [1m[35mBEGIN[0m
  [1m[35m (1.6ms)[0m  [1m[35mCREATE INDEX "index_users_on_session_token" ON "users" ("session_token")[0m
  [1m[36mActiveRecord::SchemaMigration Create (0.3ms)[0m  [1m[32mINSERT INTO "schema_migrations" ("version") VALUES ($1) RETURNING "version"[0m  [["version", "20230220195904"]]
  [1m[36mTRANSACTION (0.6ms)[0m  [1m[35mCOMMIT[0m
  [1m[36mActiveRecord::InternalMetadata Load (0.4ms)[0m  [1m[34mSELECT "ar_internal_metadata".* FROM "ar_internal_metadata" WHERE "ar_internal_metadata"."key" = $1 LIMIT $2[0m  [["key", "environment"], ["LIMIT", 1]]
  [1m[35m (0.3ms)[0m  [1m[34mSELECT pg_advisory_unlock(5972590620340344525)[0m
  [1m[36mActiveRecord::SchemaMigration Pluck (0.7ms)[0m  [1m[34mSELECT "schema_migrations"."version" FROM "schema_migrations" ORDER BY "schema_migrations"."version" ASC[0m
  [1m[36mActiveRecord::SchemaMigration Pluck (0.7ms)[0m  [1m[34mSELECT "schema_migrations"."version" FROM "schema_migrations" ORDER BY "schema_migrations"."version" ASC[0m
Started GET "/cats" for ::1 at 2023-02-20 15:08:51 -0500
  [1m[36mActiveRecord::SchemaMigration Pluck (0.9ms)[0m  [1m[34mSELECT "schema_migrations"."version" FROM "schema_migrations" ORDER BY "schema_migrations"."version" ASC[0m
Processing by CatsController#index as HTML
  Rendering layout layouts/application.html.erb
  Rendering cats/index.html.erb within layouts/application
  [1m[36mCat Load (0.7ms)[0m  [1m[34mSELECT "cats".* FROM "cats"[0m
  ↳ app/views/cats/index.html.erb:28
  Rendered cats/index.html.erb within layouts/application (Duration: 11.4ms | Allocations: 6151)
  Rendered layout layouts/application.html.erb (Duration: 20.5ms | Allocations: 9829)
Completed 200 OK in 29ms (Views: 19.8ms | ActiveRecord: 5.6ms | Allocations: 14222)


Started GET "/" for ::1 at 2023-02-20 15:08:56 -0500
Processing by CatsController#index as HTML
  Rendering layout layouts/application.html.erb
  Rendering cats/index.html.erb within layouts/application
  [1m[36mCat Load (0.5ms)[0m  [1m[34mSELECT "cats".* FROM "cats"[0m
  ↳ app/views/cats/index.html.erb:28
  Rendered cats/index.html.erb within layouts/application (Duration: 2.6ms | Allocations: 759)
  Rendered layout layouts/application.html.erb (Duration: 5.6ms | Allocations: 1954)
Completed 200 OK in 6ms (Views: 5.6ms | ActiveRecord: 0.5ms | Allocations: 2218)


  [1m[36mTRANSACTION (0.3ms)[0m  [1m[35mBEGIN[0m
  [1m[36mUser Exists? (3.6ms)[0m  [1m[34mSELECT 1 AS one FROM "users" WHERE "users"."username" = $1 LIMIT $2[0m  [["username", "paul"], ["LIMIT", 1]]
  [1m[36mUser Exists? (0.2ms)[0m  [1m[34mSELECT 1 AS one FROM "users" WHERE "users"."session_token" IS NULL LIMIT $1[0m  [["LIMIT", 1]]
  [1m[36mTRANSACTION (0.2ms)[0m  [1m[31mROLLBACK[0m
  [1m[36mTRANSACTION (0.2ms)[0m  [1m[35mBEGIN[0m
  [1m[36mUser Exists? (0.5ms)[0m  [1m[34mSELECT 1 AS one FROM "users" WHERE "users"."username" = $1 LIMIT $2[0m  [["username", "paul"], ["LIMIT", 1]]
  [1m[36mUser Exists? (0.1ms)[0m  [1m[34mSELECT 1 AS one FROM "users" WHERE "users"."session_token" IS NULL LIMIT $1[0m  [["LIMIT", 1]]
  [1m[36mTRANSACTION (0.1ms)[0m  [1m[31mROLLBACK[0m
  [1m[36mTRANSACTION (0.3ms)[0m  [1m[35mBEGIN[0m
  [1m[36mUser Exists? (0.9ms)[0m  [1m[34mSELECT 1 AS one FROM "users" WHERE "users"."username" = $1 LIMIT $2[0m  [["username", "paul"], ["LIMIT", 1]]
  [1m[36mUser Exists? (0.2ms)[0m  [1m[34mSELECT 1 AS one FROM "users" WHERE "users"."session_token" IS NULL LIMIT $1[0m  [["LIMIT", 1]]
  [1m[36mTRANSACTION (0.1ms)[0m  [1m[31mROLLBACK[0m
  [1m[36mTRANSACTION (0.4ms)[0m  [1m[35mBEGIN[0m
  [1m[36mUser Exists? (0.9ms)[0m  [1m[34mSELECT 1 AS one FROM "users" WHERE "users"."username" = $1 LIMIT $2[0m  [["username", "Jessica"], ["LIMIT", 1]]
  [1m[36mUser Exists? (0.2ms)[0m  [1m[34mSELECT 1 AS one FROM "users" WHERE "users"."session_token" IS NULL LIMIT $1[0m  [["LIMIT", 1]]
  [1m[36mTRANSACTION (0.2ms)[0m  [1m[31mROLLBACK[0m
